{"level":"info","message":"GitHub activity job scheduled to run every 15 minutes","service":"developer-dashboard","timestamp":"2025-07-14T10:54:18.161Z"}
{"level":"info","message":"Server running on port 5000","service":"developer-dashboard","timestamp":"2025-07-14T10:54:18.179Z"}
{"code":"ENOTFOUND","hostname":"_mongodb._tcp.cluster.mongodb.net","level":"error","message":"Database connection error: querySrv ENOTFOUND _mongodb._tcp.cluster.mongodb.net","service":"developer-dashboard","stack":"Error: querySrv ENOTFOUND _mongodb._tcp.cluster.mongodb.net\n    at QueryReqWrap.onresolve [as oncomplete] (node:internal/dns/promises:294:17)","syscall":"querySrv","timestamp":"2025-07-14T10:54:18.602Z"}
{"level":"info","message":"GitHub activity job scheduled to run every 15 minutes","service":"developer-dashboard","timestamp":"2025-07-14T11:15:11.063Z"}
{"level":"info","message":"Server running on port 5000","service":"developer-dashboard","timestamp":"2025-07-14T11:15:11.143Z"}
{"level":"info","message":"MongoDB Connected: ac-lxehqju-shard-00-01.2x9j9ut.mongodb.net","service":"developer-dashboard","timestamp":"2025-07-14T11:15:12.774Z"}
{"level":"info","message":"Starting GitHub activity update job","service":"developer-dashboard","timestamp":"2025-07-14T11:15:16.064Z"}
{"level":"info","message":"Found 0 users with GitHub tokens","service":"developer-dashboard","timestamp":"2025-07-14T11:15:16.313Z"}
{"level":"info","message":"GitHub activity update job completed","service":"developer-dashboard","timestamp":"2025-07-14T11:15:16.314Z"}
{"level":"info","message":"Starting GitHub activity update job","service":"developer-dashboard","timestamp":"2025-07-14T11:30:03.997Z"}
{"level":"info","message":"Found 0 users with GitHub tokens","service":"developer-dashboard","timestamp":"2025-07-14T11:30:29.090Z"}
{"level":"info","message":"GitHub activity update job completed","service":"developer-dashboard","timestamp":"2025-07-14T11:30:29.093Z"}
{"level":"info","message":"Starting GitHub activity update job","service":"developer-dashboard","timestamp":"2025-07-14T11:45:00.123Z"}
{"level":"info","message":"Found 0 users with GitHub tokens","service":"developer-dashboard","timestamp":"2025-07-14T11:45:01.140Z"}
{"level":"info","message":"GitHub activity update job completed","service":"developer-dashboard","timestamp":"2025-07-14T11:45:01.141Z"}
{"level":"info","message":"Starting GitHub activity update job","service":"developer-dashboard","timestamp":"2025-07-14T12:00:00.102Z"}
{"level":"info","message":"Found 0 users with GitHub tokens","service":"developer-dashboard","timestamp":"2025-07-14T12:00:00.930Z"}
{"level":"info","message":"GitHub activity update job completed","service":"developer-dashboard","timestamp":"2025-07-14T12:00:00.997Z"}
{"level":"info","message":"Starting GitHub activity update job","service":"developer-dashboard","timestamp":"2025-07-14T12:15:00.077Z"}
{"level":"info","message":"Found 0 users with GitHub tokens","service":"developer-dashboard","timestamp":"2025-07-14T12:15:01.148Z"}
{"level":"info","message":"GitHub activity update job completed","service":"developer-dashboard","timestamp":"2025-07-14T12:15:01.148Z"}
{"level":"info","message":"Starting GitHub activity update job","service":"developer-dashboard","timestamp":"2025-07-14T12:30:00.043Z"}
{"level":"info","message":"Found 0 users with GitHub tokens","service":"developer-dashboard","timestamp":"2025-07-14T12:30:20.816Z"}
{"level":"info","message":"GitHub activity update job completed","service":"developer-dashboard","timestamp":"2025-07-14T12:30:20.817Z"}
{"level":"info","message":"Starting GitHub activity update job","service":"developer-dashboard","timestamp":"2025-07-14T12:45:00.043Z"}
{"level":"info","message":"Found 0 users with GitHub tokens","service":"developer-dashboard","timestamp":"2025-07-14T12:45:00.914Z"}
{"level":"info","message":"GitHub activity update job completed","service":"developer-dashboard","timestamp":"2025-07-14T12:45:00.914Z"}
{"level":"info","message":"Starting GitHub activity update job","service":"developer-dashboard","timestamp":"2025-07-14T13:00:00.034Z"}
{"level":"info","message":"Found 0 users with GitHub tokens","service":"developer-dashboard","timestamp":"2025-07-14T13:00:00.707Z"}
{"level":"info","message":"GitHub activity update job completed","service":"developer-dashboard","timestamp":"2025-07-14T13:00:00.708Z"}
{"level":"info","message":"Starting GitHub activity update job","service":"developer-dashboard","timestamp":"2025-07-14T13:15:00.045Z"}
{"level":"info","message":"Found 0 users with GitHub tokens","service":"developer-dashboard","timestamp":"2025-07-14T13:15:00.675Z"}
{"level":"info","message":"GitHub activity update job completed","service":"developer-dashboard","timestamp":"2025-07-14T13:15:00.676Z"}
{"level":"info","message":"Starting GitHub activity update job","service":"developer-dashboard","timestamp":"2025-07-14T13:30:00.054Z"}
{"level":"info","message":"Found 0 users with GitHub tokens","service":"developer-dashboard","timestamp":"2025-07-14T13:30:00.646Z"}
{"level":"info","message":"GitHub activity update job completed","service":"developer-dashboard","timestamp":"2025-07-14T13:30:00.653Z"}
{"level":"info","message":"Starting GitHub activity update job","service":"developer-dashboard","timestamp":"2025-07-14T13:45:00.049Z"}
{"level":"info","message":"Found 0 users with GitHub tokens","service":"developer-dashboard","timestamp":"2025-07-14T13:45:00.510Z"}
{"level":"info","message":"GitHub activity update job completed","service":"developer-dashboard","timestamp":"2025-07-14T13:45:00.510Z"}
{"level":"info","message":"Starting GitHub activity update job","service":"developer-dashboard","timestamp":"2025-07-14T14:00:00.044Z"}
{"level":"info","message":"Found 0 users with GitHub tokens","service":"developer-dashboard","timestamp":"2025-07-14T14:00:00.698Z"}
{"level":"info","message":"GitHub activity update job completed","service":"developer-dashboard","timestamp":"2025-07-14T14:00:00.699Z"}
{"level":"info","message":"Starting GitHub activity update job","service":"developer-dashboard","timestamp":"2025-07-14T14:15:00.097Z"}
{"level":"info","message":"Found 0 users with GitHub tokens","service":"developer-dashboard","timestamp":"2025-07-14T14:15:20.941Z"}
{"level":"info","message":"GitHub activity update job completed","service":"developer-dashboard","timestamp":"2025-07-14T14:15:20.942Z"}
{"level":"info","message":"Starting GitHub activity update job","service":"developer-dashboard","timestamp":"2025-07-14T14:30:00.070Z"}
{"level":"info","message":"Found 0 users with GitHub tokens","service":"developer-dashboard","timestamp":"2025-07-14T14:30:01.159Z"}
{"level":"info","message":"GitHub activity update job completed","service":"developer-dashboard","timestamp":"2025-07-14T14:30:01.159Z"}
{"level":"info","message":"Starting GitHub activity update job","service":"developer-dashboard","timestamp":"2025-07-14T14:45:00.034Z"}
{"level":"info","message":"Found 0 users with GitHub tokens","service":"developer-dashboard","timestamp":"2025-07-14T14:45:02.153Z"}
{"level":"info","message":"GitHub activity update job completed","service":"developer-dashboard","timestamp":"2025-07-14T14:45:02.154Z"}
{"level":"info","message":"Starting GitHub activity update job","service":"developer-dashboard","timestamp":"2025-07-14T15:00:00.047Z"}
{"level":"info","message":"Found 0 users with GitHub tokens","service":"developer-dashboard","timestamp":"2025-07-14T15:00:04.759Z"}
{"level":"info","message":"GitHub activity update job completed","service":"developer-dashboard","timestamp":"2025-07-14T15:00:04.759Z"}
{"level":"info","message":"Starting GitHub activity update job","service":"developer-dashboard","timestamp":"2025-07-14T15:15:00.066Z"}
{"level":"info","message":"Found 0 users with GitHub tokens","service":"developer-dashboard","timestamp":"2025-07-14T15:15:01.404Z"}
{"level":"info","message":"GitHub activity update job completed","service":"developer-dashboard","timestamp":"2025-07-14T15:15:01.406Z"}
{"level":"info","message":"Starting GitHub activity update job","service":"developer-dashboard","timestamp":"2025-07-14T15:30:00.198Z"}
{"level":"info","message":"Found 0 users with GitHub tokens","service":"developer-dashboard","timestamp":"2025-07-14T15:30:03.283Z"}
{"level":"info","message":"GitHub activity update job completed","service":"developer-dashboard","timestamp":"2025-07-14T15:30:03.284Z"}
{"level":"info","message":"Starting GitHub activity update job","service":"developer-dashboard","timestamp":"2025-07-14T15:45:00.034Z"}
{"level":"info","message":"Found 0 users with GitHub tokens","service":"developer-dashboard","timestamp":"2025-07-14T15:45:00.742Z"}
{"level":"info","message":"GitHub activity update job completed","service":"developer-dashboard","timestamp":"2025-07-14T15:45:00.742Z"}
{"level":"info","message":"Starting GitHub activity update job","service":"developer-dashboard","timestamp":"2025-07-14T16:00:00.430Z"}
{"level":"info","message":"Found 0 users with GitHub tokens","service":"developer-dashboard","timestamp":"2025-07-14T16:00:00.957Z"}
{"level":"info","message":"GitHub activity update job completed","service":"developer-dashboard","timestamp":"2025-07-14T16:00:00.957Z"}
{"level":"info","message":"Starting GitHub activity update job","service":"developer-dashboard","timestamp":"2025-07-14T16:15:00.038Z"}
{"level":"info","message":"Found 0 users with GitHub tokens","service":"developer-dashboard","timestamp":"2025-07-14T16:15:00.740Z"}
{"level":"info","message":"GitHub activity update job completed","service":"developer-dashboard","timestamp":"2025-07-14T16:15:00.740Z"}
{"level":"info","message":"Starting GitHub activity update job","service":"developer-dashboard","timestamp":"2025-07-14T16:30:00.043Z"}
{"level":"info","message":"Found 0 users with GitHub tokens","service":"developer-dashboard","timestamp":"2025-07-14T16:30:22.177Z"}
{"level":"info","message":"GitHub activity update job completed","service":"developer-dashboard","timestamp":"2025-07-14T16:30:22.178Z"}
{"level":"info","message":"Starting GitHub activity update job","service":"developer-dashboard","timestamp":"2025-07-14T16:45:00.043Z"}
{"level":"info","message":"Found 0 users with GitHub tokens","service":"developer-dashboard","timestamp":"2025-07-14T16:45:01.182Z"}
{"level":"info","message":"GitHub activity update job completed","service":"developer-dashboard","timestamp":"2025-07-14T16:45:01.183Z"}
{"level":"info","message":"Starting GitHub activity update job","service":"developer-dashboard","timestamp":"2025-07-14T17:00:00.075Z"}
{"level":"info","message":"Found 0 users with GitHub tokens","service":"developer-dashboard","timestamp":"2025-07-14T17:00:00.595Z"}
{"level":"info","message":"GitHub activity update job completed","service":"developer-dashboard","timestamp":"2025-07-14T17:00:00.596Z"}
{"level":"info","message":"Starting GitHub activity update job","service":"developer-dashboard","timestamp":"2025-07-14T17:15:00.037Z"}
{"level":"info","message":"Found 0 users with GitHub tokens","service":"developer-dashboard","timestamp":"2025-07-14T17:15:00.594Z"}
{"level":"info","message":"GitHub activity update job completed","service":"developer-dashboard","timestamp":"2025-07-14T17:15:00.595Z"}
{"level":"info","message":"Starting GitHub activity update job","service":"developer-dashboard","timestamp":"2025-07-14T17:30:00.021Z"}
{"level":"info","message":"Found 0 users with GitHub tokens","service":"developer-dashboard","timestamp":"2025-07-14T17:30:00.624Z"}
{"level":"info","message":"GitHub activity update job completed","service":"developer-dashboard","timestamp":"2025-07-14T17:30:00.624Z"}
{"level":"info","message":"Starting GitHub activity update job","service":"developer-dashboard","timestamp":"2025-07-14T17:45:00.308Z"}
{"level":"info","message":"Found 0 users with GitHub tokens","service":"developer-dashboard","timestamp":"2025-07-14T17:45:01.365Z"}
{"level":"info","message":"GitHub activity update job completed","service":"developer-dashboard","timestamp":"2025-07-14T17:45:01.417Z"}
{"level":"info","message":"Starting GitHub activity update job","service":"developer-dashboard","timestamp":"2025-07-14T18:00:00.035Z"}
{"level":"info","message":"Found 0 users with GitHub tokens","service":"developer-dashboard","timestamp":"2025-07-14T18:00:00.636Z"}
{"level":"info","message":"GitHub activity update job completed","service":"developer-dashboard","timestamp":"2025-07-14T18:00:00.637Z"}
{"level":"info","message":"Starting GitHub activity update job","service":"developer-dashboard","timestamp":"2025-07-14T18:15:00.034Z"}
{"level":"info","message":"Found 0 users with GitHub tokens","service":"developer-dashboard","timestamp":"2025-07-14T18:15:00.445Z"}
{"level":"info","message":"GitHub activity update job completed","service":"developer-dashboard","timestamp":"2025-07-14T18:15:00.446Z"}
{"level":"info","message":"Starting GitHub activity update job","service":"developer-dashboard","timestamp":"2025-07-14T18:30:00.069Z"}
{"level":"info","message":"Found 0 users with GitHub tokens","service":"developer-dashboard","timestamp":"2025-07-14T18:30:01.224Z"}
{"level":"info","message":"GitHub activity update job completed","service":"developer-dashboard","timestamp":"2025-07-14T18:30:01.225Z"}
{"level":"info","message":"Starting GitHub activity update job","service":"developer-dashboard","timestamp":"2025-07-14T18:45:00.041Z"}
{"level":"error","message":"Error in GitHub activity update job:","service":"developer-dashboard","timestamp":"2025-07-14T18:45:30.092Z"}
{"level":"info","message":"Starting GitHub activity update job","service":"developer-dashboard","timestamp":"2025-07-14T19:00:00.032Z"}
{"level":"error","message":"Error in GitHub activity update job:","service":"developer-dashboard","timestamp":"2025-07-14T19:00:30.040Z"}
{"level":"info","message":"Starting GitHub activity update job","service":"developer-dashboard","timestamp":"2025-07-14T19:15:00.039Z"}
{"level":"error","message":"Error in GitHub activity update job:","service":"developer-dashboard","timestamp":"2025-07-14T19:15:30.055Z"}
{"level":"info","message":"Starting GitHub activity update job","service":"developer-dashboard","timestamp":"2025-07-14T22:30:00.036Z"}
{"level":"error","message":"Error in GitHub activity update job:","service":"developer-dashboard","timestamp":"2025-07-15T03:08:15.595Z"}
{"level":"info","message":"GitHub activity job scheduled to run every 15 minutes","service":"developer-dashboard","timestamp":"2025-07-15T05:18:21.292Z"}
{"level":"info","message":"Server running on port 5000","service":"developer-dashboard","timestamp":"2025-07-15T05:18:21.299Z"}
{"level":"info","message":"Starting GitHub activity update job","service":"developer-dashboard","timestamp":"2025-07-15T05:18:26.303Z"}
{"level":"error","message":"Error in GitHub activity update job:","service":"developer-dashboard","timestamp":"2025-07-15T05:18:36.323Z"}
{"cause":{"commonWireVersion":0,"compatible":true,"heartbeatFrequencyMS":10000,"localThresholdMS":15,"logicalSessionTimeoutMinutes":null,"maxElectionId":null,"maxSetVersion":null,"servers":{"ac-lxehqju-shard-00-00.2x9j9ut.mongodb.net:27017":{"$clusterTime":null,"address":"ac-lxehqju-shard-00-00.2x9j9ut.mongodb.net:27017","arbiters":[],"electionId":null,"error":{"beforeHandshake":false,"errorLabelSet":{}},"hosts":[],"iscryptd":false,"lastUpdateTime":7091072,"lastWriteDate":0,"logicalSessionTimeoutMinutes":null,"maxBsonObjectSize":null,"maxMessageSizeBytes":null,"maxWireVersion":0,"maxWriteBatchSize":null,"me":null,"minRoundTripTime":0,"minWireVersion":0,"passives":[],"primary":null,"roundTripTime":-1,"setName":null,"setVersion":null,"tags":{},"topologyVersion":null,"type":"Unknown"},"ac-lxehqju-shard-00-01.2x9j9ut.mongodb.net:27017":{"$clusterTime":null,"address":"ac-lxehqju-shard-00-01.2x9j9ut.mongodb.net:27017","arbiters":[],"electionId":null,"error":{"beforeHandshake":false,"errorLabelSet":{}},"hosts":[],"iscryptd":false,"lastUpdateTime":7091071,"lastWriteDate":0,"logicalSessionTimeoutMinutes":null,"maxBsonObjectSize":null,"maxMessageSizeBytes":null,"maxWireVersion":0,"maxWriteBatchSize":null,"me":null,"minRoundTripTime":0,"minWireVersion":0,"passives":[],"primary":null,"roundTripTime":-1,"setName":null,"setVersion":null,"tags":{},"topologyVersion":null,"type":"Unknown"},"ac-lxehqju-shard-00-02.2x9j9ut.mongodb.net:27017":{"$clusterTime":null,"address":"ac-lxehqju-shard-00-02.2x9j9ut.mongodb.net:27017","arbiters":[],"electionId":null,"error":{"beforeHandshake":false,"errorLabelSet":{}},"hosts":[],"iscryptd":false,"lastUpdateTime":7091070,"lastWriteDate":0,"logicalSessionTimeoutMinutes":null,"maxBsonObjectSize":null,"maxMessageSizeBytes":null,"maxWireVersion":0,"maxWriteBatchSize":null,"me":null,"minRoundTripTime":0,"minWireVersion":0,"passives":[],"primary":null,"roundTripTime":-1,"setName":null,"setVersion":null,"tags":{},"topologyVersion":null,"type":"Unknown"}},"setName":"atlas-9rkogj-shard-0","stale":false,"type":"ReplicaSetNoPrimary"},"errorLabelSet":{},"level":"error","message":"Database connection error: Could not connect to any servers in your MongoDB Atlas cluster. One common reason is that you're trying to access the database from an IP that isn't whitelisted. Make sure your current IP address is on your Atlas cluster's IP whitelist: https://www.mongodb.com/docs/atlas/security-whitelist/","reason":{"commonWireVersion":0,"compatible":true,"heartbeatFrequencyMS":10000,"localThresholdMS":15,"logicalSessionTimeoutMinutes":null,"maxElectionId":null,"maxSetVersion":null,"servers":{"ac-lxehqju-shard-00-00.2x9j9ut.mongodb.net:27017":{"$clusterTime":null,"address":"ac-lxehqju-shard-00-00.2x9j9ut.mongodb.net:27017","arbiters":[],"electionId":null,"error":{"beforeHandshake":false,"errorLabelSet":{}},"hosts":[],"iscryptd":false,"lastUpdateTime":7091072,"lastWriteDate":0,"logicalSessionTimeoutMinutes":null,"maxBsonObjectSize":null,"maxMessageSizeBytes":null,"maxWireVersion":0,"maxWriteBatchSize":null,"me":null,"minRoundTripTime":0,"minWireVersion":0,"passives":[],"primary":null,"roundTripTime":-1,"setName":null,"setVersion":null,"tags":{},"topologyVersion":null,"type":"Unknown"},"ac-lxehqju-shard-00-01.2x9j9ut.mongodb.net:27017":{"$clusterTime":null,"address":"ac-lxehqju-shard-00-01.2x9j9ut.mongodb.net:27017","arbiters":[],"electionId":null,"error":{"beforeHandshake":false,"errorLabelSet":{}},"hosts":[],"iscryptd":false,"lastUpdateTime":7091071,"lastWriteDate":0,"logicalSessionTimeoutMinutes":null,"maxBsonObjectSize":null,"maxMessageSizeBytes":null,"maxWireVersion":0,"maxWriteBatchSize":null,"me":null,"minRoundTripTime":0,"minWireVersion":0,"passives":[],"primary":null,"roundTripTime":-1,"setName":null,"setVersion":null,"tags":{},"topologyVersion":null,"type":"Unknown"},"ac-lxehqju-shard-00-02.2x9j9ut.mongodb.net:27017":{"$clusterTime":null,"address":"ac-lxehqju-shard-00-02.2x9j9ut.mongodb.net:27017","arbiters":[],"electionId":null,"error":{"beforeHandshake":false,"errorLabelSet":{}},"hosts":[],"iscryptd":false,"lastUpdateTime":7091070,"lastWriteDate":0,"logicalSessionTimeoutMinutes":null,"maxBsonObjectSize":null,"maxMessageSizeBytes":null,"maxWireVersion":0,"maxWriteBatchSize":null,"me":null,"minRoundTripTime":0,"minWireVersion":0,"passives":[],"primary":null,"roundTripTime":-1,"setName":null,"setVersion":null,"tags":{},"topologyVersion":null,"type":"Unknown"}},"setName":"atlas-9rkogj-shard-0","stale":false,"type":"ReplicaSetNoPrimary"},"service":"developer-dashboard","stack":"MongooseServerSelectionError: Could not connect to any servers in your MongoDB Atlas cluster. One common reason is that you're trying to access the database from an IP that isn't whitelisted. Make sure your current IP address is on your Atlas cluster's IP whitelist: https://www.mongodb.com/docs/atlas/security-whitelist/\n    at _handleConnectionErrors (C:\\Users\\thula\\Documents\\play_house\\full_stack_projects\\developer-workflow-dashboard\\server\\node_modules\\mongoose\\lib\\connection.js:1165:11)\n    at NativeConnection.openUri (C:\\Users\\thula\\Documents\\play_house\\full_stack_projects\\developer-workflow-dashboard\\server\\node_modules\\mongoose\\lib\\connection.js:1096:11)\n    at async connectDB (C:\\Users\\thula\\Documents\\play_house\\full_stack_projects\\developer-workflow-dashboard\\server\\src\\config\\db.js:6:18)","timestamp":"2025-07-15T05:18:52.520Z"}
{"level":"info","message":"GitHub activity job scheduled to run every 15 minutes","service":"developer-dashboard","timestamp":"2025-07-15T05:26:25.968Z"}
{"level":"info","message":"Server running on port 5000","service":"developer-dashboard","timestamp":"2025-07-15T05:26:25.977Z"}
{"level":"info","message":"MongoDB Connected: ac-m972eqc-shard-00-00.aqnyycw.mongodb.net","service":"developer-dashboard","timestamp":"2025-07-15T05:26:29.438Z"}
{"level":"info","message":"Starting GitHub activity update job","service":"developer-dashboard","timestamp":"2025-07-15T05:26:30.973Z"}
{"level":"info","message":"Found 0 users with GitHub tokens","service":"developer-dashboard","timestamp":"2025-07-15T05:26:31.076Z"}
{"level":"info","message":"GitHub activity update job completed","service":"developer-dashboard","timestamp":"2025-07-15T05:26:31.077Z"}
{"level":"info","message":"Starting GitHub activity update job","service":"developer-dashboard","timestamp":"2025-07-15T05:30:00.032Z"}
{"level":"info","message":"Found 0 users with GitHub tokens","service":"developer-dashboard","timestamp":"2025-07-15T05:30:00.152Z"}
{"level":"info","message":"GitHub activity update job completed","service":"developer-dashboard","timestamp":"2025-07-15T05:30:00.153Z"}
{"level":"info","message":"Starting GitHub activity update job","service":"developer-dashboard","timestamp":"2025-07-15T05:45:00.159Z"}
{"level":"info","message":"Found 0 users with GitHub tokens","service":"developer-dashboard","timestamp":"2025-07-15T05:45:01.181Z"}
{"level":"info","message":"GitHub activity update job completed","service":"developer-dashboard","timestamp":"2025-07-15T05:45:01.184Z"}
{"level":"info","message":"Starting GitHub activity update job","service":"developer-dashboard","timestamp":"2025-07-15T06:00:00.109Z"}
{"level":"info","message":"Found 0 users with GitHub tokens","service":"developer-dashboard","timestamp":"2025-07-15T06:00:00.611Z"}
{"level":"info","message":"GitHub activity update job completed","service":"developer-dashboard","timestamp":"2025-07-15T06:00:00.612Z"}
{"level":"info","message":"Starting GitHub activity update job","service":"developer-dashboard","timestamp":"2025-07-15T06:15:00.202Z"}
{"level":"info","message":"Found 0 users with GitHub tokens","service":"developer-dashboard","timestamp":"2025-07-15T06:15:00.781Z"}
{"level":"info","message":"GitHub activity update job completed","service":"developer-dashboard","timestamp":"2025-07-15T06:15:00.782Z"}
{"level":"info","message":"Starting GitHub activity update job","service":"developer-dashboard","timestamp":"2025-07-15T06:30:00.038Z"}
{"level":"info","message":"Found 0 users with GitHub tokens","service":"developer-dashboard","timestamp":"2025-07-15T06:30:00.539Z"}
{"level":"info","message":"GitHub activity update job completed","service":"developer-dashboard","timestamp":"2025-07-15T06:30:00.540Z"}
{"level":"info","message":"Starting GitHub activity update job","service":"developer-dashboard","timestamp":"2025-07-15T06:45:00.045Z"}
{"level":"info","message":"Found 0 users with GitHub tokens","service":"developer-dashboard","timestamp":"2025-07-15T06:45:00.520Z"}
{"level":"info","message":"GitHub activity update job completed","service":"developer-dashboard","timestamp":"2025-07-15T06:45:00.520Z"}
{"level":"info","message":"Starting GitHub activity update job","service":"developer-dashboard","timestamp":"2025-07-15T07:00:00.069Z"}
{"level":"info","message":"Found 0 users with GitHub tokens","service":"developer-dashboard","timestamp":"2025-07-15T07:00:01.168Z"}
{"level":"info","message":"GitHub activity update job completed","service":"developer-dashboard","timestamp":"2025-07-15T07:00:01.173Z"}
{"level":"info","message":"Starting GitHub activity update job","service":"developer-dashboard","timestamp":"2025-07-15T07:15:00.043Z"}
{"level":"info","message":"Found 0 users with GitHub tokens","service":"developer-dashboard","timestamp":"2025-07-15T07:15:00.667Z"}
{"level":"info","message":"GitHub activity update job completed","service":"developer-dashboard","timestamp":"2025-07-15T07:15:00.668Z"}
{"level":"info","message":"Starting GitHub activity update job","service":"developer-dashboard","timestamp":"2025-07-15T07:30:00.159Z"}
{"level":"info","message":"Found 0 users with GitHub tokens","service":"developer-dashboard","timestamp":"2025-07-15T07:30:00.701Z"}
{"level":"info","message":"GitHub activity update job completed","service":"developer-dashboard","timestamp":"2025-07-15T07:30:00.702Z"}
{"level":"info","message":"Starting GitHub activity update job","service":"developer-dashboard","timestamp":"2025-07-15T07:45:00.065Z"}
{"level":"info","message":"Found 0 users with GitHub tokens","service":"developer-dashboard","timestamp":"2025-07-15T07:45:01.304Z"}
{"level":"info","message":"GitHub activity update job completed","service":"developer-dashboard","timestamp":"2025-07-15T07:45:01.305Z"}
{"level":"info","message":"Starting GitHub activity update job","service":"developer-dashboard","timestamp":"2025-07-15T08:00:00.132Z"}
{"level":"info","message":"Found 0 users with GitHub tokens","service":"developer-dashboard","timestamp":"2025-07-15T08:00:00.687Z"}
{"level":"info","message":"GitHub activity update job completed","service":"developer-dashboard","timestamp":"2025-07-15T08:00:00.687Z"}
{"level":"info","message":"Starting GitHub activity update job","service":"developer-dashboard","timestamp":"2025-07-15T08:15:00.059Z"}
{"level":"info","message":"Found 0 users with GitHub tokens","service":"developer-dashboard","timestamp":"2025-07-15T08:15:00.646Z"}
{"level":"info","message":"GitHub activity update job completed","service":"developer-dashboard","timestamp":"2025-07-15T08:15:00.647Z"}
{"level":"info","message":"Starting GitHub activity update job","service":"developer-dashboard","timestamp":"2025-07-15T08:30:00.066Z"}
{"level":"info","message":"Found 0 users with GitHub tokens","service":"developer-dashboard","timestamp":"2025-07-15T08:30:00.564Z"}
{"level":"info","message":"GitHub activity update job completed","service":"developer-dashboard","timestamp":"2025-07-15T08:30:00.566Z"}
{"level":"info","message":"Starting GitHub activity update job","service":"developer-dashboard","timestamp":"2025-07-15T08:45:00.036Z"}
{"level":"info","message":"Found 0 users with GitHub tokens","service":"developer-dashboard","timestamp":"2025-07-15T08:45:00.642Z"}
{"level":"info","message":"GitHub activity update job completed","service":"developer-dashboard","timestamp":"2025-07-15T08:45:00.643Z"}
{"level":"info","message":"Starting GitHub activity update job","service":"developer-dashboard","timestamp":"2025-07-15T09:00:00.035Z"}
{"level":"info","message":"Found 0 users with GitHub tokens","service":"developer-dashboard","timestamp":"2025-07-15T09:00:01.178Z"}
{"level":"info","message":"GitHub activity update job completed","service":"developer-dashboard","timestamp":"2025-07-15T09:00:01.179Z"}
{"level":"info","message":"Starting GitHub activity update job","service":"developer-dashboard","timestamp":"2025-07-15T09:15:00.036Z"}
{"level":"info","message":"Found 0 users with GitHub tokens","service":"developer-dashboard","timestamp":"2025-07-15T09:15:00.469Z"}
{"level":"info","message":"GitHub activity update job completed","service":"developer-dashboard","timestamp":"2025-07-15T09:15:00.470Z"}
{"level":"info","message":"Starting GitHub activity update job","service":"developer-dashboard","timestamp":"2025-07-15T09:30:00.038Z"}
{"level":"info","message":"Found 0 users with GitHub tokens","service":"developer-dashboard","timestamp":"2025-07-15T09:30:00.843Z"}
{"level":"info","message":"GitHub activity update job completed","service":"developer-dashboard","timestamp":"2025-07-15T09:30:00.844Z"}
{"level":"info","message":"Starting GitHub activity update job","service":"developer-dashboard","timestamp":"2025-07-15T09:45:00.187Z"}
{"level":"info","message":"Found 0 users with GitHub tokens","service":"developer-dashboard","timestamp":"2025-07-15T09:45:02.161Z"}
{"level":"info","message":"GitHub activity update job completed","service":"developer-dashboard","timestamp":"2025-07-15T09:45:02.161Z"}
{"level":"info","message":"Starting GitHub activity update job","service":"developer-dashboard","timestamp":"2025-07-15T10:00:00.051Z"}
{"level":"info","message":"Found 0 users with GitHub tokens","service":"developer-dashboard","timestamp":"2025-07-15T10:00:00.876Z"}
{"level":"info","message":"GitHub activity update job completed","service":"developer-dashboard","timestamp":"2025-07-15T10:00:00.876Z"}
{"level":"info","message":"Starting GitHub activity update job","service":"developer-dashboard","timestamp":"2025-07-15T10:15:00.074Z"}
{"level":"info","message":"Found 0 users with GitHub tokens","service":"developer-dashboard","timestamp":"2025-07-15T10:15:00.536Z"}
{"level":"info","message":"GitHub activity update job completed","service":"developer-dashboard","timestamp":"2025-07-15T10:15:00.536Z"}
{"level":"info","message":"Starting GitHub activity update job","service":"developer-dashboard","timestamp":"2025-07-15T10:30:00.120Z"}
{"level":"info","message":"Found 0 users with GitHub tokens","service":"developer-dashboard","timestamp":"2025-07-15T10:30:00.725Z"}
{"level":"info","message":"GitHub activity update job completed","service":"developer-dashboard","timestamp":"2025-07-15T10:30:00.726Z"}
{"level":"info","message":"Starting GitHub activity update job","service":"developer-dashboard","timestamp":"2025-07-15T10:45:00.101Z"}
{"level":"info","message":"Found 0 users with GitHub tokens","service":"developer-dashboard","timestamp":"2025-07-15T10:45:00.778Z"}
{"level":"info","message":"GitHub activity update job completed","service":"developer-dashboard","timestamp":"2025-07-15T10:45:00.778Z"}
{"level":"info","message":"Starting GitHub activity update job","service":"developer-dashboard","timestamp":"2025-07-15T11:00:00.053Z"}
{"level":"info","message":"Found 0 users with GitHub tokens","service":"developer-dashboard","timestamp":"2025-07-15T11:00:06.889Z"}
{"level":"info","message":"GitHub activity update job completed","service":"developer-dashboard","timestamp":"2025-07-15T11:00:06.889Z"}
{"level":"info","message":"Starting GitHub activity update job","service":"developer-dashboard","timestamp":"2025-07-15T11:15:00.167Z"}
{"level":"info","message":"Found 0 users with GitHub tokens","service":"developer-dashboard","timestamp":"2025-07-15T11:15:03.996Z"}
{"level":"info","message":"GitHub activity update job completed","service":"developer-dashboard","timestamp":"2025-07-15T11:15:03.997Z"}
{"level":"info","message":"Starting GitHub activity update job","service":"developer-dashboard","timestamp":"2025-07-15T11:30:00.181Z"}
{"level":"info","message":"Found 0 users with GitHub tokens","service":"developer-dashboard","timestamp":"2025-07-15T11:30:02.206Z"}
{"level":"info","message":"GitHub activity update job completed","service":"developer-dashboard","timestamp":"2025-07-15T11:30:02.846Z"}
{"level":"info","message":"Starting GitHub activity update job","service":"developer-dashboard","timestamp":"2025-07-15T12:00:00.153Z"}
{"level":"info","message":"Found 0 users with GitHub tokens","service":"developer-dashboard","timestamp":"2025-07-15T12:00:00.306Z"}
{"level":"info","message":"GitHub activity update job completed","service":"developer-dashboard","timestamp":"2025-07-15T12:00:00.317Z"}
{"level":"info","message":"Starting GitHub activity update job","service":"developer-dashboard","timestamp":"2025-07-15T12:15:00.100Z"}
{"level":"info","message":"Found 0 users with GitHub tokens","service":"developer-dashboard","timestamp":"2025-07-15T12:15:00.240Z"}
{"level":"info","message":"GitHub activity update job completed","service":"developer-dashboard","timestamp":"2025-07-15T12:15:00.242Z"}
{"level":"info","message":"Starting GitHub activity update job","service":"developer-dashboard","timestamp":"2025-07-15T12:30:00.523Z"}
{"level":"info","message":"Found 0 users with GitHub tokens","service":"developer-dashboard","timestamp":"2025-07-15T12:30:02.275Z"}
{"level":"info","message":"GitHub activity update job completed","service":"developer-dashboard","timestamp":"2025-07-15T12:30:02.276Z"}
{"level":"info","message":"Starting GitHub activity update job","service":"developer-dashboard","timestamp":"2025-07-15T12:45:00.213Z"}
{"level":"info","message":"Found 0 users with GitHub tokens","service":"developer-dashboard","timestamp":"2025-07-15T12:45:00.456Z"}
{"level":"info","message":"GitHub activity update job completed","service":"developer-dashboard","timestamp":"2025-07-15T12:45:00.457Z"}
{"level":"info","message":"Starting GitHub activity update job","service":"developer-dashboard","timestamp":"2025-07-15T13:00:00.450Z"}
{"level":"info","message":"Found 0 users with GitHub tokens","service":"developer-dashboard","timestamp":"2025-07-15T13:00:00.670Z"}
{"level":"info","message":"GitHub activity update job completed","service":"developer-dashboard","timestamp":"2025-07-15T13:00:00.675Z"}
{"level":"info","message":"Starting GitHub activity update job","service":"developer-dashboard","timestamp":"2025-07-15T13:15:01.678Z"}
{"level":"info","message":"Found 0 users with GitHub tokens","service":"developer-dashboard","timestamp":"2025-07-15T13:15:02.149Z"}
{"level":"info","message":"GitHub activity update job completed","service":"developer-dashboard","timestamp":"2025-07-15T13:15:02.152Z"}
{"level":"info","message":"Starting GitHub activity update job","service":"developer-dashboard","timestamp":"2025-07-15T13:30:00.745Z"}
{"level":"info","message":"Found 0 users with GitHub tokens","service":"developer-dashboard","timestamp":"2025-07-15T13:30:01.205Z"}
{"level":"info","message":"GitHub activity update job completed","service":"developer-dashboard","timestamp":"2025-07-15T13:30:01.288Z"}
{"level":"info","message":"Starting GitHub activity update job","service":"developer-dashboard","timestamp":"2025-07-15T13:45:00.479Z"}
{"level":"info","message":"Found 0 users with GitHub tokens","service":"developer-dashboard","timestamp":"2025-07-15T13:45:00.578Z"}
{"level":"info","message":"GitHub activity update job completed","service":"developer-dashboard","timestamp":"2025-07-15T13:45:00.579Z"}
{"level":"info","message":"Starting GitHub activity update job","service":"developer-dashboard","timestamp":"2025-07-15T14:00:00.048Z"}
{"level":"info","message":"Found 0 users with GitHub tokens","service":"developer-dashboard","timestamp":"2025-07-15T14:00:00.129Z"}
{"level":"info","message":"GitHub activity update job completed","service":"developer-dashboard","timestamp":"2025-07-15T14:00:00.131Z"}
{"level":"info","message":"Starting GitHub activity update job","service":"developer-dashboard","timestamp":"2025-07-15T14:15:00.068Z"}
{"level":"info","message":"Found 0 users with GitHub tokens","service":"developer-dashboard","timestamp":"2025-07-15T14:15:00.217Z"}
{"level":"info","message":"GitHub activity update job completed","service":"developer-dashboard","timestamp":"2025-07-15T14:15:00.217Z"}
{"level":"info","message":"GitHub activity job scheduled to run every 15 minutes","service":"developer-dashboard","timestamp":"2025-07-15T16:00:55.471Z"}
{"level":"info","message":"Server running on port 5000","service":"developer-dashboard","timestamp":"2025-07-15T16:00:55.479Z"}
{"level":"info","message":"Starting GitHub activity update job","service":"developer-dashboard","timestamp":"2025-07-15T16:01:00.473Z"}
{"level":"error","message":"Error in GitHub activity update job:","service":"developer-dashboard","timestamp":"2025-07-15T16:01:10.505Z"}
{"level":"info","message":"MongoDB Connected: ac-m972eqc-shard-00-02.aqnyycw.mongodb.net","service":"developer-dashboard","timestamp":"2025-07-15T16:01:29.783Z"}
{"level":"info","message":"Starting GitHub activity update job","service":"developer-dashboard","timestamp":"2025-07-15T16:15:00.047Z"}
{"level":"info","message":"Found 0 users with GitHub tokens","service":"developer-dashboard","timestamp":"2025-07-15T16:15:17.279Z"}
{"level":"info","message":"GitHub activity update job completed","service":"developer-dashboard","timestamp":"2025-07-15T16:15:17.279Z"}
{"level":"info","message":"Starting GitHub activity update job","service":"developer-dashboard","timestamp":"2025-07-15T16:30:00.065Z"}
{"level":"info","message":"Found 0 users with GitHub tokens","service":"developer-dashboard","timestamp":"2025-07-15T16:30:01.413Z"}
{"level":"info","message":"GitHub activity update job completed","service":"developer-dashboard","timestamp":"2025-07-15T16:30:01.414Z"}
{"level":"info","message":"Starting GitHub activity update job","service":"developer-dashboard","timestamp":"2025-07-15T16:45:00.050Z"}
{"level":"info","message":"Found 0 users with GitHub tokens","service":"developer-dashboard","timestamp":"2025-07-15T16:45:01.087Z"}
{"level":"info","message":"GitHub activity update job completed","service":"developer-dashboard","timestamp":"2025-07-15T16:45:01.089Z"}
{"level":"info","message":"Starting GitHub activity update job","service":"developer-dashboard","timestamp":"2025-07-15T17:00:00.017Z"}
{"level":"info","message":"Found 0 users with GitHub tokens","service":"developer-dashboard","timestamp":"2025-07-15T17:00:01.304Z"}
{"level":"info","message":"GitHub activity update job completed","service":"developer-dashboard","timestamp":"2025-07-15T17:00:01.304Z"}
{"level":"info","message":"Starting GitHub activity update job","service":"developer-dashboard","timestamp":"2025-07-15T17:15:00.031Z"}
{"level":"error","message":"Error in GitHub activity update job:","service":"developer-dashboard","timestamp":"2025-07-15T17:15:30.053Z"}
{"level":"info","message":"Starting GitHub activity update job","service":"developer-dashboard","timestamp":"2025-07-15T17:30:00.026Z"}
{"level":"error","message":"Error in GitHub activity update job:","service":"developer-dashboard","timestamp":"2025-07-15T17:30:30.044Z"}
{"level":"info","message":"Starting GitHub activity update job","service":"developer-dashboard","timestamp":"2025-07-15T17:45:00.097Z"}
{"level":"error","message":"Error in GitHub activity update job:","service":"developer-dashboard","timestamp":"2025-07-15T17:45:30.108Z"}
{"level":"info","message":"Starting GitHub activity update job","service":"developer-dashboard","timestamp":"2025-07-15T18:00:00.034Z"}
{"level":"error","message":"Error in GitHub activity update job:","service":"developer-dashboard","timestamp":"2025-07-15T18:00:30.048Z"}
{"level":"info","message":"Starting GitHub activity update job","service":"developer-dashboard","timestamp":"2025-07-15T18:15:00.042Z"}
{"level":"error","message":"Error in GitHub activity update job:","service":"developer-dashboard","timestamp":"2025-07-15T18:15:30.056Z"}
{"level":"info","message":"Starting GitHub activity update job","service":"developer-dashboard","timestamp":"2025-07-15T18:30:00.046Z"}
{"level":"error","message":"Error in GitHub activity update job:","service":"developer-dashboard","timestamp":"2025-07-15T18:30:30.053Z"}
{"level":"info","message":"Starting GitHub activity update job","service":"developer-dashboard","timestamp":"2025-07-15T18:45:00.046Z"}
{"level":"error","message":"Error in GitHub activity update job:","service":"developer-dashboard","timestamp":"2025-07-15T18:45:30.049Z"}
{"level":"info","message":"Starting GitHub activity update job","service":"developer-dashboard","timestamp":"2025-07-16T07:15:00.072Z"}
{"level":"error","message":"Error in GitHub activity update job:","service":"developer-dashboard","timestamp":"2025-07-16T07:15:30.105Z"}
{"level":"info","message":"Starting GitHub activity update job","service":"developer-dashboard","timestamp":"2025-07-16T07:30:00.044Z"}
{"level":"error","message":"Error in GitHub activity update job:","service":"developer-dashboard","timestamp":"2025-07-16T07:30:30.055Z"}
